Watching for file changes with StatReloader
Not Found: /ws/instant-booking/109/
"GET /ws/instant-booking/109/?token=eyJhbGciOiJIUzI1NiIsInR5cCI6IkpXVCJ9.eyJ0b2tlbl90eXBlIjoiYWNjZXNzIiwiZXhwIjoxNzUzODUzNjMwLCJpYXQiOjE3NTM4NTAwMzAsImp0aSI6IjNkZTA4NjNkZGU1NjQ3OTI5Zjk0Yjk2MDM4ZmJkZTFhIiwidXNlcl9pZCI6OX0.F7OZW7MPkNpAumtaGLvv5de3NAYo8IA4YFZAhey_F0Q HTTP/1.1" 404 4202
Not Found: /ws/instant-booking/109/
"GET /ws/instant-booking/109/?token=eyJhbGciOiJIUzI1NiIsInR5cCI6IkpXVCJ9.eyJ0b2tlbl90eXBlIjoiYWNjZXNzIiwiZXhwIjoxNzUzODUzNjMwLCJpYXQiOjE3NTM4NTAwMzAsImp0aSI6IjNkZTA4NjNkZGU1NjQ3OTI5Zjk0Yjk2MDM4ZmJkZTFhIiwidXNlcl9pZCI6OX0.F7OZW7MPkNpAumtaGLvv5de3NAYo8IA4YFZAhey_F0Q HTTP/1.1" 404 4202
Not Found: /ws/instant-booking/109/
"GET /ws/instant-booking/109/?token=eyJhbGciOiJIUzI1NiIsInR5cCI6IkpXVCJ9.eyJ0b2tlbl90eXBlIjoiYWNjZXNzIiwiZXhwIjoxNzUzODUzNjMwLCJpYXQiOjE3NTM4NTAwMzAsImp0aSI6IjNkZTA4NjNkZGU1NjQ3OTI5Zjk0Yjk2MDM4ZmJkZTFhIiwidXNlcl9pZCI6OX0.F7OZW7MPkNpAumtaGLvv5de3NAYo8IA4YFZAhey_F0Q HTTP/1.1" 404 4202
Not Found: /ws/instant-booking/109/
"GET /ws/instant-booking/109/?token=eyJhbGciOiJIUzI1NiIsInR5cCI6IkpXVCJ9.eyJ0b2tlbl90eXBlIjoiYWNjZXNzIiwiZXhwIjoxNzUzODUzNjMwLCJpYXQiOjE3NTM4NTAwMzAsImp0aSI6IjNkZTA4NjNkZGU1NjQ3OTI5Zjk0Yjk2MDM4ZmJkZTFhIiwidXNlcl9pZCI6OX0.F7OZW7MPkNpAumtaGLvv5de3NAYo8IA4YFZAhey_F0Q HTTP/1.1" 404 4202
Not Found: /ws/instant-booking/109/
"GET /ws/instant-booking/109/?token=eyJhbGciOiJIUzI1NiIsInR5cCI6IkpXVCJ9.eyJ0b2tlbl90eXBlIjoiYWNjZXNzIiwiZXhwIjoxNzUzODUzNjMwLCJpYXQiOjE3NTM4NTAwMzAsImp0aSI6IjNkZTA4NjNkZGU1NjQ3OTI5Zjk0Yjk2MDM4ZmJkZTFhIiwidXNlcl9pZCI6OX0.F7OZW7MPkNpAumtaGLvv5de3NAYo8IA4YFZAhey_F0Q HTTP/1.1" 404 4202
Not Found: /ws/instant-booking/109/
"GET /ws/instant-booking/109/?token=eyJhbGciOiJIUzI1NiIsInR5cCI6IkpXVCJ9.eyJ0b2tlbl90eXBlIjoiYWNjZXNzIiwiZXhwIjoxNzUzODUzNjMwLCJpYXQiOjE3NTM4NTAwMzAsImp0aSI6IjNkZTA4NjNkZGU1NjQ3OTI5Zjk0Yjk2MDM4ZmJkZTFhIiwidXNlcl9pZCI6OX0.F7OZW7MPkNpAumtaGLvv5de3NAYo8IA4YFZAhey_F0Q HTTP/1.1" 404 4202
"OPTIONS /auth/admin-login/ HTTP/1.1" 200 0
"POST /auth/admin-login/ HTTP/1.1" 200 566
"OPTIONS /adminsite/dashboard/admin/ HTTP/1.1" 200 0
"OPTIONS /adminsite/dashboard/admin/ HTTP/1.1" 200 0
"GET /adminsite/dashboard/admin/ HTTP/1.1" 200 206
"GET /adminsite/dashboard/admin/ HTTP/1.1" 200 206
"GET /profile-service/user-profile/ HTTP/1.1" 200 142
"GET /profile-service/user-profile/ HTTP/1.1" 200 142
"PUT /profile-service/user-profile/ HTTP/1.1" 200 142
"GET /adminsite/dashboard/admin/ HTTP/1.1" 200 206
"GET /adminsite/dashboard/admin/ HTTP/1.1" 200 206
"OPTIONS /adminsite/customers-list/ HTTP/1.1" 200 0
"OPTIONS /adminsite/customers-list/ HTTP/1.1" 200 0
"GET /adminsite/customers-list/ HTTP/1.1" 200 2
"GET /adminsite/customers-list/ HTTP/1.1" 200 2
"POST /auth/logout/ HTTP/1.1" 200 37
"OPTIONS /auth/register/ HTTP/1.1" 200 0
"POST /auth/register/ HTTP/1.1" 200 96
"OPTIONS /auth/otp-verification/ HTTP/1.1" 200 0
"POST /auth/otp-verification/ HTTP/1.1" 201 632
"OPTIONS /auth/customer-barber-login/ HTTP/1.1" 200 0
"POST /auth/customer-barber-login/ HTTP/1.1" 200 607
"OPTIONS /customersite/home/ HTTP/1.1" 200 0
"OPTIONS /customersite/home/ HTTP/1.1" 200 0
"GET /customersite/home/ HTTP/1.1" 200 77
"GET /customersite/home/ HTTP/1.1" 200 77
"OPTIONS /adminsite/barbers-list/ HTTP/1.1" 200 0
"OPTIONS /adminsite/barbers-list/ HTTP/1.1" 200 0
"GET /adminsite/barbers-list/ HTTP/1.1" 200 2
"GET /adminsite/barbers-list/ HTTP/1.1" 200 2
"OPTIONS /adminsite/categories/ HTTP/1.1" 200 0
"OPTIONS /adminsite/categories/ HTTP/1.1" 200 0
"GET /adminsite/categories/ HTTP/1.1" 200 2
"GET /adminsite/categories/ HTTP/1.1" 200 2
"POST /adminsite/categories/ HTTP/1.1" 201 116
"GET /adminsite/categories/ HTTP/1.1" 200 118
"GET /media/categories/hair_cut_9m04La5.webp HTTP/1.1" 200 209910
"POST /adminsite/categories/ HTTP/1.1" 201 119
"GET /adminsite/categories/ HTTP/1.1" 200 238
"GET /media/categories/haircolor_XAFxV9v.webp HTTP/1.1" 200 28856
"OPTIONS /adminsite/pending-requests/ HTTP/1.1" 200 0
"OPTIONS /adminsite/pending-requests/ HTTP/1.1" 200 0
"OPTIONS /adminsite/all-requests/ HTTP/1.1" 200 0
"OPTIONS /adminsite/all-requests/ HTTP/1.1" 200 0
"GET /adminsite/pending-requests/ HTTP/1.1" 200 2
"GET /adminsite/all-requests/ HTTP/1.1" 200 2
"GET /adminsite/pending-requests/ HTTP/1.1" 200 2
"GET /adminsite/all-requests/ HTTP/1.1" 200 2
"GET /adminsite/categories/ HTTP/1.1" 200 238
"GET /adminsite/categories/ HTTP/1.1" 200 238
"GET /adminsite/services/ HTTP/1.1" 200 2
"GET /adminsite/categories/ HTTP/1.1" 200 238
"GET /adminsite/services/ HTTP/1.1" 200 2
"GET /adminsite/categories/ HTTP/1.1" 200 238
"POST /adminsite/services/ HTTP/1.1" 201 537
"GET /adminsite/services/ HTTP/1.1" 200 539
"GET /media/services/Pompadour_uWkQQAD.jpeg HTTP/1.1" 200 29781
"POST /adminsite/services/ HTTP/1.1" 201 564
"GET /adminsite/services/ HTTP/1.1" 200 1104
"GET /media/services/Balayage-864x900_oK0RPN5.webp HTTP/1.1" 200 78208
"OPTIONS /adminsite/services/2/ HTTP/1.1" 200 0
"PATCH /adminsite/services/2/ HTTP/1.1" 200 563
"GET /adminsite/services/ HTTP/1.1" 200 1103
"PATCH /adminsite/services/2/ HTTP/1.1" 200 564
"GET /adminsite/services/ HTTP/1.1" 200 1104
Bad Request: /adminsite/services/2/
"PUT /adminsite/services/2/ HTTP/1.1" 400 103
Bad Request: /adminsite/services/2/
"PUT /adminsite/services/2/ HTTP/1.1" 400 103
Bad Request: /adminsite/services/2/
"PUT /adminsite/services/2/ HTTP/1.1" 400 103
"GET /adminsite/services/ HTTP/1.1" 200 1104
"GET /adminsite/categories/ HTTP/1.1" 200 238
"GET /adminsite/services/ HTTP/1.1" 200 1104
"GET /adminsite/categories/ HTTP/1.1" 200 238
"GET /adminsite/services/ HTTP/1.1" 200 1104
"GET /media/services/Balayage-864x900_oK0RPN5.webp HTTP/1.1" 304 0
"GET /media/services/Pompadour_uWkQQAD.jpeg HTTP/1.1" 304 0
"DELETE /adminsite/services/2/ HTTP/1.1" 204 0
"GET /adminsite/services/ HTTP/1.1" 200 539
Bad Request: /adminsite/services/
"POST /adminsite/services/ HTTP/1.1" 400 103
"POST /adminsite/services/ HTTP/1.1" 201 550
"GET /adminsite/services/ HTTP/1.1" 200 1090
"GET /media/services/colrng_rlMDOjS.jpg HTTP/1.1" 200 9631
"GET /adminsite/pending-requests/ HTTP/1.1" 200 2
"GET /adminsite/all-requests/ HTTP/1.1" 200 2
"GET /adminsite/all-requests/ HTTP/1.1" 200 2
"GET /adminsite/pending-requests/ HTTP/1.1" 200 2
"GET /adminsite/barbers-list/ HTTP/1.1" 200 2
"GET /adminsite/barbers-list/ HTTP/1.1" 200 2
"GET /adminsite/all-requests/ HTTP/1.1" 200 2
"GET /adminsite/pending-requests/ HTTP/1.1" 200 2
"GET /adminsite/all-requests/ HTTP/1.1" 200 2
"GET /adminsite/pending-requests/ HTTP/1.1" 200 2
"GET /customersite/home/ HTTP/1.1" 200 700
"GET /customersite/home/ HTTP/1.1" 200 700
"GET /media/services/colrng_rlMDOjS.jpg HTTP/1.1" 304 0
"GET /media/services/Pompadour_uWkQQAD.jpeg HTTP/1.1" 304 0
"GET /media/categories/haircolor_XAFxV9v.webp HTTP/1.1" 304 0
"GET /media/categories/hair_cut_9m04La5.webp HTTP/1.1" 304 0
"OPTIONS /customersite/categories/ HTTP/1.1" 200 0
"OPTIONS /customersite/categories/ HTTP/1.1" 200 0
"GET /customersite/categories/ HTTP/1.1" 200 200
"GET /customersite/categories/ HTTP/1.1" 200 200
"GET /customersite/services/?category_id=2 HTTP/1.1" 200 281
"GET /customersite/services/?category_id=2 HTTP/1.1" 200 281
"GET /media/services/colrng_rlMDOjS.jpg HTTP/1.1" 304 0
"GET /customersite/addresses/ HTTP/1.1" 200 2
"GET /customersite/addresses/ HTTP/1.1" 200 2
"GET /customersite/services/?category_id=2 HTTP/1.1" 200 281
"GET /customersite/services/?category_id=2 HTTP/1.1" 200 281
"GET /adminsite/customers-list/ HTTP/1.1" 200 205
"GET /adminsite/customers-list/ HTTP/1.1" 200 205
"GET /adminsite/barbers-list/ HTTP/1.1" 200 2
"GET /adminsite/barbers-list/ HTTP/1.1" 200 2
"GET /adminsite/pending-requests/ HTTP/1.1" 200 2
"GET /adminsite/all-requests/ HTTP/1.1" 200 2
"GET /adminsite/pending-requests/ HTTP/1.1" 200 2
"GET /adminsite/all-requests/ HTTP/1.1" 200 2
"GET /adminsite/categories/ HTTP/1.1" 200 238
"GET /adminsite/services/ HTTP/1.1" 200 1090
"GET /adminsite/categories/ HTTP/1.1" 200 238
"GET /adminsite/services/ HTTP/1.1" 200 1090
"GET /customersite/addresses/ HTTP/1.1" 200 2
"GET /customersite/addresses/ HTTP/1.1" 200 2
"OPTIONS /customersite/user-location/ HTTP/1.1" 200 0
"POST /customersite/user-location/ HTTP/1.1" 200 275
"POST /customersite/addresses/ HTTP/1.1" 201 266
"POST /customersite/booking-summary/ HTTP/1.1" 200 288
"POST /customersite/booking-summary/ HTTP/1.1" 200 288
"OPTIONS /adminsite/coupons/ HTTP/1.1" 200 0
"OPTIONS /adminsite/coupons/ HTTP/1.1" 200 0
"GET /adminsite/coupons/ HTTP/1.1" 200 2
"GET /adminsite/coupons/ HTTP/1.1" 200 2
"GET /adminsite/services/ HTTP/1.1" 200 1090
"GET /adminsite/services/ HTTP/1.1" 200 1090
"POST /adminsite/coupons/ HTTP/1.1" 201 103
"GET /adminsite/coupons/ HTTP/1.1" 200 105
"POST /customersite/booking-summary/ HTTP/1.1" 200 357
"POST /customersite/create-booking/ HTTP/1.1" 201 119
"POST /payment-service/create-checkout-session/ HTTP/1.1" 200 613
D:\NewGroomNet-clean\backend\customersite\models.py changed, reloading.
Watching for file changes with StatReloader
D:\NewGroomNet-clean\backend\customersite\models.py changed, reloading.
Watching for file changes with StatReloader
D:\NewGroomNet-clean\backend\customersite\models.py changed, reloading.
Watching for file changes with StatReloader
D:\NewGroomNet-clean\backend\customersite\serializer.py changed, reloading.
Watching for file changes with StatReloader
D:\NewGroomNet-clean\backend\customersite\serializer.py changed, reloading.
Watching for file changes with StatReloader
D:\NewGroomNet-clean\backend\customersite\serializer.py changed, reloading.
Watching for file changes with StatReloader
D:\NewGroomNet-clean\backend\customersite\serializer.py changed, reloading.
Watching for file changes with StatReloader
D:\NewGroomNet-clean\backend\customersite\serializer.py changed, reloading.
Watching for file changes with StatReloader
D:\NewGroomNet-clean\backend\paymentservice\views.py changed, reloading.
Watching for file changes with StatReloader
D:\NewGroomNet-clean\backend\paymentservice\views.py changed, reloading.
Watching for file changes with StatReloader
Bad Request: /auth/customer-barber-login/
Unauthorized: /customersite/booking-summary/
Unauthorized: /customersite/booking-summary/
Unauthorized: /adminsite/coupons/
Unauthorized: /adminsite/coupons/
Unauthorized: /auth/token/refresh/
Unauthorized: /adminsite/all-requests/
Unauthorized: /adminsite/pending-requests/
Unauthorized: /adminsite/all-requests/
Unauthorized: /adminsite/pending-requests/
Unauthorized: /auth/token/refresh/
Unauthorized: /profile-service/user-profile/
Unauthorized: /profile-service/user-profile/
Unauthorized: /auth/token/refresh/
Unauthorized: /adminsite/dashboard/admin/
Unauthorized: /adminsite/dashboard/admin/
Unauthorized: /auth/token/refresh/
Unauthorized: /adminsite/dashboard/admin/
Unauthorized: /adminsite/dashboard/admin/
Unauthorized: /auth/token/refresh/
Unauthorized: /profile-service/user-profile/
Unauthorized: /profile-service/user-profile/
Unauthorized: /auth/token/refresh/
Unauthorized: /auth/logout/
Unauthorized: /auth/token/refresh/
Bad Request: /auth/admin-login/
Internal Server Error: /customersite/create-booking/
Traceback (most recent call last):
  File "D:\NewGroomNet-clean\venv\Lib\site-packages\asgiref\sync.py", line 518, in thread_handler
    raise exc_info[1]
  File "D:\NewGroomNet-clean\venv\Lib\site-packages\django\core\handlers\exception.py", line 42, in inner
    response = await get_response(request)
               ^^^^^^^^^^^^^^^^^^^^^^^^^^^
  File "D:\NewGroomNet-clean\venv\Lib\site-packages\asgiref\sync.py", line 518, in thread_handler
    raise exc_info[1]
  File "D:\NewGroomNet-clean\venv\Lib\site-packages\django\core\handlers\base.py", line 253, in _get_response_async
    response = await wrapped_callback(
               ^^^^^^^^^^^^^^^^^^^^^^^
        request, *callback_args, **callback_kwargs
        ^^^^^^^^^^^^^^^^^^^^^^^^^^^^^^^^^^^^^^^^^^
    )
    ^
  File "D:\NewGroomNet-clean\venv\Lib\site-packages\asgiref\sync.py", line 468, in __call__
    ret = await asyncio.shield(exec_coro)
          ^^^^^^^^^^^^^^^^^^^^^^^^^^^^^^^
  File "C:\Program Files\Python313\Lib\concurrent\futures\thread.py", line 59, in run
    result = self.fn(*self.args, **self.kwargs)
  File "D:\NewGroomNet-clean\venv\Lib\site-packages\asgiref\sync.py", line 522, in thread_handler
    return func(*args, **kwargs)
  File "D:\NewGroomNet-clean\venv\Lib\site-packages\django\views\decorators\csrf.py", line 65, in _view_wrapper
    return view_func(request, *args, **kwargs)
  File "D:\NewGroomNet-clean\venv\Lib\site-packages\django\views\generic\base.py", line 104, in view
    return self.dispatch(request, *args, **kwargs)
           ~~~~~~~~~~~~~^^^^^^^^^^^^^^^^^^^^^^^^^^
  File "D:\NewGroomNet-clean\venv\Lib\site-packages\rest_framework\views.py", line 515, in dispatch
    response = self.handle_exception(exc)
  File "D:\NewGroomNet-clean\venv\Lib\site-packages\rest_framework\views.py", line 475, in handle_exception
    self.raise_uncaught_exception(exc)
    ~~~~~~~~~~~~~~~~~~~~~~~~~~~~~^^^^^
  File "D:\NewGroomNet-clean\venv\Lib\site-packages\rest_framework\views.py", line 486, in raise_uncaught_exception
    raise exc
  File "D:\NewGroomNet-clean\venv\Lib\site-packages\rest_framework\views.py", line 512, in dispatch
    response = handler(request, *args, **kwargs)
  File "D:\NewGroomNet-clean\venv\Lib\site-packages\rest_framework\generics.py", line 194, in post
    return self.create(request, *args, **kwargs)
           ~~~~~~~~~~~^^^^^^^^^^^^^^^^^^^^^^^^^^
  File "D:\NewGroomNet-clean\backend\customersite\views.py", line 289, in create
    booking = serializer.save()
  File "D:\NewGroomNet-clean\venv\Lib\site-packages\rest_framework\serializers.py", line 210, in save
    self.instance = self.create(validated_data)
                    ~~~~~~~~~~~^^^^^^^^^^^^^^^^
  File "D:\NewGroomNet-clean\backend\customersite\serializer.py", line 153, in create
    wallet = CustomerWallet.objects.select_for_update().get(user=customer)
  File "D:\NewGroomNet-clean\venv\Lib\site-packages\django\db\models\query.py", line 633, in get
    raise self.model.DoesNotExist(
        "%s matching query does not exist." % self.model._meta.object_name
    )
customersite.models.CustomerWallet.DoesNotExist: CustomerWallet matching query does not exist.
Internal Server Error: /customersite/create-booking/
Traceback (most recent call last):
  File "D:\NewGroomNet-clean\venv\Lib\site-packages\asgiref\sync.py", line 518, in thread_handler
    raise exc_info[1]
  File "D:\NewGroomNet-clean\venv\Lib\site-packages\django\core\handlers\exception.py", line 42, in inner
    response = await get_response(request)
               ^^^^^^^^^^^^^^^^^^^^^^^^^^^
  File "D:\NewGroomNet-clean\venv\Lib\site-packages\asgiref\sync.py", line 518, in thread_handler
    raise exc_info[1]
  File "D:\NewGroomNet-clean\venv\Lib\site-packages\django\core\handlers\base.py", line 253, in _get_response_async
    response = await wrapped_callback(
               ^^^^^^^^^^^^^^^^^^^^^^^
        request, *callback_args, **callback_kwargs
        ^^^^^^^^^^^^^^^^^^^^^^^^^^^^^^^^^^^^^^^^^^
    )
    ^
  File "D:\NewGroomNet-clean\venv\Lib\site-packages\asgiref\sync.py", line 468, in __call__
    ret = await asyncio.shield(exec_coro)
          ^^^^^^^^^^^^^^^^^^^^^^^^^^^^^^^
  File "C:\Program Files\Python313\Lib\concurrent\futures\thread.py", line 59, in run
    result = self.fn(*self.args, **self.kwargs)
  File "D:\NewGroomNet-clean\venv\Lib\site-packages\asgiref\sync.py", line 522, in thread_handler
    return func(*args, **kwargs)
  File "D:\NewGroomNet-clean\venv\Lib\site-packages\django\views\decorators\csrf.py", line 65, in _view_wrapper
    return view_func(request, *args, **kwargs)
  File "D:\NewGroomNet-clean\venv\Lib\site-packages\django\views\generic\base.py", line 104, in view
    return self.dispatch(request, *args, **kwargs)
           ~~~~~~~~~~~~~^^^^^^^^^^^^^^^^^^^^^^^^^^
  File "D:\NewGroomNet-clean\venv\Lib\site-packages\rest_framework\views.py", line 515, in dispatch
    response = self.handle_exception(exc)
  File "D:\NewGroomNet-clean\venv\Lib\site-packages\rest_framework\views.py", line 475, in handle_exception
    self.raise_uncaught_exception(exc)
    ~~~~~~~~~~~~~~~~~~~~~~~~~~~~~^^^^^
  File "D:\NewGroomNet-clean\venv\Lib\site-packages\rest_framework\views.py", line 486, in raise_uncaught_exception
    raise exc
  File "D:\NewGroomNet-clean\venv\Lib\site-packages\rest_framework\views.py", line 512, in dispatch
    response = handler(request, *args, **kwargs)
  File "D:\NewGroomNet-clean\venv\Lib\site-packages\rest_framework\generics.py", line 194, in post
    return self.create(request, *args, **kwargs)
           ~~~~~~~~~~~^^^^^^^^^^^^^^^^^^^^^^^^^^
  File "D:\NewGroomNet-clean\backend\customersite\views.py", line 289, in create
    booking = serializer.save()
  File "D:\NewGroomNet-clean\venv\Lib\site-packages\rest_framework\serializers.py", line 210, in save
    self.instance = self.create(validated_data)
                    ~~~~~~~~~~~^^^^^^^^^^^^^^^^
  File "D:\NewGroomNet-clean\backend\customersite\serializer.py", line 162, in create
    admin_wallet, created = AdminWallet.objects.get_or_create(
                            ^^^^^^^^^^^
NameError: name 'AdminWallet' is not defined
Not Found: /instant-booking/booking/6/
Not Found: /instant-booking/booking/6/
Internal Server Error: /payment-service/verify-payment/
Not Found: /instant-booking/booking/7/
Not Found: /instant-booking/booking/7/
Not Found: /instant-booking/booking/7/
Not Found: /instant-booking/booking/7/
Not Found: /instant-booking/booking/7/
Not Found: /instant-booking/booking/7/
Anand Raj joined group: barber_3
Not Found: /instant-booking/booking/7/
Not Found: /instant-booking/booking/7/
Not Found: /instant-booking/booking/7/
User disconnected from group: barber_3
Anand Raj joined group: barber_3
User disconnected from group: barber_3
Anand Raj joined group: barber_3
User disconnected from group: barber_3
Anand Raj joined group: barber_3
User disconnected from group: barber_3
Not Found: /barbersite/barber-portfolio/
Not Found: /barbersite/barber-portfolio/
Anand Raj joined group: barber_3
Sent booking 9 to barber 3
Sent booking 9 to barber 3
ilakkiya joined group: customer_2
ilakkiya joined group: customer_2
User disconnected from group: barber_3
User disconnected from group: customer_2
User disconnected from group: customer_2
Unauthorized: /adminsite/complaints/1/update-status/
Anand Raj joined group: barber_3
Sent booking 10 to barber 3
Sent booking 10 to barber 3
ilakkiya joined group: customer_2
ilakkiya joined group: customer_2
User disconnected from group: barber_3
User disconnected from group: customer_2
User disconnected from group: customer_2
Anand Raj joined group: barber_3
Unauthorized: /customersite/home/
Unauthorized: /customersite/home/
Sent booking 11 to barber 3
Sent booking 11 to barber 3
ilakkiya joined group: customer_2
ilakkiya joined group: customer_2
User disconnected from group: barber_3
User disconnected from group: customer_2
User disconnected from group: customer_2
Anand Raj joined group: barber_3
User disconnected from group: barber_3
Unauthorized: /customersite/booking-details/12/
Unauthorized: /customersite/booking-details/12/
Unauthorized: /auth/token/refresh/
Unauthorized: /customersite/ratings/
Unauthorized: /customersite/ratings/
Bad Request: /auth/logout/
Unauthorized: /auth/logout/
Unauthorized: /auth/token/refresh/
Unauthorized: /adminsite/complaints/
Unauthorized: /adminsite/complaints/
Unauthorized: /auth/token/refresh/
Unauthorized: /auth/logout/
Unauthorized: /auth/token/refresh/
Bad Request: /auth/customer-barber-login/
Anand Raj joined group: barber_3
User disconnected from group: barber_3
Bad Request: /customersite/create-booking/
Internal Server Error: /payment-service/verify-payment/
Anand Raj joined group: barber_3
User disconnected from group: barber_3
Bad Request: /auth/logout/
Anand Raj joined group: barber_3
User disconnected from group: barber_3
Anand Raj joined group: barber_3
User disconnected from group: barber_3
Anand Raj joined group: barber_3
User disconnected from group: barber_3
Anand Raj joined group: barber_3
User disconnected from group: barber_3
Anand Raj joined group: barber_3
User disconnected from group: barber_3
Bad Request: /auth/customer-barber-login/
Bad Request: /auth/admin-login/
Anand Raj joined group: barber_3
Sent booking 14 to barber 3
Sent booking 14 to barber 3
ilakkiya joined group: customer_2
ilakkiya joined group: customer_2
Internal Server Error: /payment-service/verify-payment/
User disconnected from group: barber_3
User disconnected from group: customer_2
User disconnected from group: customer_2
Internal Server Error: /customersite/create-booking/
Traceback (most recent call last):
  File "D:\NewGroomNet-clean\venv\Lib\site-packages\asgiref\sync.py", line 518, in thread_handler
    raise exc_info[1]
  File "D:\NewGroomNet-clean\venv\Lib\site-packages\django\core\handlers\exception.py", line 42, in inner
    response = await get_response(request)
               ^^^^^^^^^^^^^^^^^^^^^^^^^^^
  File "D:\NewGroomNet-clean\venv\Lib\site-packages\asgiref\sync.py", line 518, in thread_handler
    raise exc_info[1]
  File "D:\NewGroomNet-clean\venv\Lib\site-packages\django\core\handlers\base.py", line 253, in _get_response_async
    response = await wrapped_callback(
               ^^^^^^^^^^^^^^^^^^^^^^^
        request, *callback_args, **callback_kwargs
        ^^^^^^^^^^^^^^^^^^^^^^^^^^^^^^^^^^^^^^^^^^
    )
    ^
  File "D:\NewGroomNet-clean\venv\Lib\site-packages\asgiref\sync.py", line 468, in __call__
    ret = await asyncio.shield(exec_coro)
          ^^^^^^^^^^^^^^^^^^^^^^^^^^^^^^^
  File "C:\Program Files\Python313\Lib\concurrent\futures\thread.py", line 59, in run
    result = self.fn(*self.args, **self.kwargs)
  File "D:\NewGroomNet-clean\venv\Lib\site-packages\asgiref\sync.py", line 522, in thread_handler
    return func(*args, **kwargs)
  File "D:\NewGroomNet-clean\venv\Lib\site-packages\django\views\decorators\csrf.py", line 65, in _view_wrapper
    return view_func(request, *args, **kwargs)
  File "D:\NewGroomNet-clean\venv\Lib\site-packages\django\views\generic\base.py", line 104, in view
    return self.dispatch(request, *args, **kwargs)
           ~~~~~~~~~~~~~^^^^^^^^^^^^^^^^^^^^^^^^^^
  File "D:\NewGroomNet-clean\venv\Lib\site-packages\rest_framework\views.py", line 515, in dispatch
    response = self.handle_exception(exc)
  File "D:\NewGroomNet-clean\venv\Lib\site-packages\rest_framework\views.py", line 475, in handle_exception
    self.raise_uncaught_exception(exc)
    ~~~~~~~~~~~~~~~~~~~~~~~~~~~~~^^^^^
  File "D:\NewGroomNet-clean\venv\Lib\site-packages\rest_framework\views.py", line 486, in raise_uncaught_exception
    raise exc
  File "D:\NewGroomNet-clean\venv\Lib\site-packages\rest_framework\views.py", line 512, in dispatch
    response = handler(request, *args, **kwargs)
  File "D:\NewGroomNet-clean\venv\Lib\site-packages\rest_framework\generics.py", line 194, in post
    return self.create(request, *args, **kwargs)
           ~~~~~~~~~~~^^^^^^^^^^^^^^^^^^^^^^^^^^
  File "D:\NewGroomNet-clean\backend\customersite\views.py", line 289, in create
    booking = serializer.save()
  File "D:\NewGroomNet-clean\venv\Lib\site-packages\rest_framework\serializers.py", line 210, in save
    self.instance = self.create(validated_data)
                    ~~~~~~~~~~~^^^^^^^^^^^^^^^^
  File "D:\NewGroomNet-clean\backend\customersite\serializer.py", line 166, in create
    note=f"Booking #{booking.id} - WALLET payment received"
                     ^^^^^^^
UnboundLocalError: cannot access local variable 'booking' where it is not associated with a value
Internal Server Error: /customersite/create-booking/
Traceback (most recent call last):
  File "D:\NewGroomNet-clean\venv\Lib\site-packages\asgiref\sync.py", line 518, in thread_handler
    raise exc_info[1]
  File "D:\NewGroomNet-clean\venv\Lib\site-packages\django\core\handlers\exception.py", line 42, in inner
    response = await get_response(request)
               ^^^^^^^^^^^^^^^^^^^^^^^^^^^
  File "D:\NewGroomNet-clean\venv\Lib\site-packages\asgiref\sync.py", line 518, in thread_handler
    raise exc_info[1]
  File "D:\NewGroomNet-clean\venv\Lib\site-packages\django\core\handlers\base.py", line 253, in _get_response_async
    response = await wrapped_callback(
               ^^^^^^^^^^^^^^^^^^^^^^^
        request, *callback_args, **callback_kwargs
        ^^^^^^^^^^^^^^^^^^^^^^^^^^^^^^^^^^^^^^^^^^
    )
    ^
  File "D:\NewGroomNet-clean\venv\Lib\site-packages\asgiref\sync.py", line 468, in __call__
    ret = await asyncio.shield(exec_coro)
          ^^^^^^^^^^^^^^^^^^^^^^^^^^^^^^^
  File "C:\Program Files\Python313\Lib\concurrent\futures\thread.py", line 59, in run
    result = self.fn(*self.args, **self.kwargs)
  File "D:\NewGroomNet-clean\venv\Lib\site-packages\asgiref\sync.py", line 522, in thread_handler
    return func(*args, **kwargs)
  File "D:\NewGroomNet-clean\venv\Lib\site-packages\django\views\decorators\csrf.py", line 65, in _view_wrapper
    return view_func(request, *args, **kwargs)
  File "D:\NewGroomNet-clean\venv\Lib\site-packages\django\views\generic\base.py", line 104, in view
    return self.dispatch(request, *args, **kwargs)
           ~~~~~~~~~~~~~^^^^^^^^^^^^^^^^^^^^^^^^^^
  File "D:\NewGroomNet-clean\venv\Lib\site-packages\rest_framework\views.py", line 515, in dispatch
    response = self.handle_exception(exc)
  File "D:\NewGroomNet-clean\venv\Lib\site-packages\rest_framework\views.py", line 475, in handle_exception
    self.raise_uncaught_exception(exc)
    ~~~~~~~~~~~~~~~~~~~~~~~~~~~~~^^^^^
  File "D:\NewGroomNet-clean\venv\Lib\site-packages\rest_framework\views.py", line 486, in raise_uncaught_exception
    raise exc
  File "D:\NewGroomNet-clean\venv\Lib\site-packages\rest_framework\views.py", line 512, in dispatch
    response = handler(request, *args, **kwargs)
  File "D:\NewGroomNet-clean\venv\Lib\site-packages\rest_framework\generics.py", line 194, in post
    return self.create(request, *args, **kwargs)
           ~~~~~~~~~~~^^^^^^^^^^^^^^^^^^^^^^^^^^
  File "D:\NewGroomNet-clean\backend\customersite\views.py", line 289, in create
    booking = serializer.save()
  File "D:\NewGroomNet-clean\venv\Lib\site-packages\rest_framework\serializers.py", line 210, in save
    self.instance = self.create(validated_data)
                    ~~~~~~~~~~~^^^^^^^^^^^^^^^^
  File "D:\NewGroomNet-clean\backend\customersite\serializer.py", line 166, in create
    note=f"Booking #{booking.id} - WALLET payment received"
                     ^^^^^^^
UnboundLocalError: cannot access local variable 'booking' where it is not associated with a value
Unauthorized: /instant-booking/working/status/3/
Unauthorized: /instant-booking/working/status/3/
Unauthorized: /auth/token/refresh/
Unauthorized: /customersite/booking-summary/
Unauthorized: /customersite/booking-summary/
Unauthorized: /auth/token/refresh/
Unauthorized: /customersite/addresses/
Unauthorized: /customersite/addresses/
Unauthorized: /auth/token/refresh/
Unauthorized: /auth/logout/
Unauthorized: /auth/token/refresh/
Unauthorized: /barbersite/barber-appointments/
Unauthorized: /barbersite/barber-appointments/
Unauthorized: /auth/token/refresh/
Unauthorized: /auth/logout/
Unauthorized: /auth/token/refresh/
Unauthorized: /adminsite/admin-wallet/
Unauthorized: /adminsite/admin-wallet/transactions/
Unauthorized: /adminsite/admin-wallet/
Unauthorized: /adminsite/admin-wallet/transactions/
Bad Request: /auth/logout/
Internal Server Error: /payment-service/verify-payment/
Anand Raj joined group: barber_3
User disconnected from group: barber_3
Anand Raj joined group: barber_3
User disconnected from group: barber_3
Anand Raj joined group: barber_3
User disconnected from group: barber_3
Bad Request: /profile-service/user-profile/
Bad Request: /profile-service/user-profile/
Bad Request: /profile-service/user-profile/
Bad Request: /profile-service/user-profile/
Bad Request: /profile-service/user-profile/
Bad Request: /profile-service/user-profile/
Anand Raj joined group: barber_3
Sent booking 18 to barber 3
Sent booking 18 to barber 3
ilakkiya joined group: customer_2
ilakkiya joined group: customer_2
User disconnected from group: barber_3
User disconnected from group: customer_2
User disconnected from group: customer_2
Sent booking 19 to barber 3
Sent booking 19 to barber 3
ilakkiya joined group: customer_2
ilakkiya joined group: customer_2
Anand Raj joined group: barber_3
User disconnected from group: customer_2
Sent booking 19 to barber 3
ilakkiya joined group: customer_2
ilakkiya joined group: customer_2
User disconnected from group: barber_3
User disconnected from group: customer_2
User disconnected from group: customer_2
User disconnected from group: customer_2
Bad Request: /customersite/create-booking/
Internal Server Error: /payment-service/verify-payment/
Unauthorized: /customersite/booking-history/
Unauthorized: /instant-booking/working/status/3/
Unauthorized: /customersite/booking-history/
Unauthorized: /instant-booking/working/status/3/
Unauthorized: /adminsite/dashboard/admin/
Unauthorized: /adminsite/dashboard/admin/
Not Found: /instant-booking/booking/21/
Not Found: /instant-booking/booking/21/
Not Found: /instant-booking/booking/21/
Anand Raj joined group: barber_3
Sent booking 21 to barber 3
ilakkiya joined group: customer_2
User disconnected from group: customer_2
Internal Server Error: /customersite/available-slots/
Traceback (most recent call last):
  File "D:\NewGroomNet-clean\venv\Lib\site-packages\asgiref\sync.py", line 518, in thread_handler
    raise exc_info[1]
  File "D:\NewGroomNet-clean\venv\Lib\site-packages\django\core\handlers\exception.py", line 42, in inner
    response = await get_response(request)
               ^^^^^^^^^^^^^^^^^^^^^^^^^^^
  File "D:\NewGroomNet-clean\venv\Lib\site-packages\asgiref\sync.py", line 518, in thread_handler
    raise exc_info[1]
  File "D:\NewGroomNet-clean\venv\Lib\site-packages\django\core\handlers\base.py", line 253, in _get_response_async
    response = await wrapped_callback(
               ^^^^^^^^^^^^^^^^^^^^^^^
        request, *callback_args, **callback_kwargs
        ^^^^^^^^^^^^^^^^^^^^^^^^^^^^^^^^^^^^^^^^^^
    )
    ^
  File "D:\NewGroomNet-clean\venv\Lib\site-packages\asgiref\sync.py", line 468, in __call__
    ret = await asyncio.shield(exec_coro)
          ^^^^^^^^^^^^^^^^^^^^^^^^^^^^^^^
  File "C:\Program Files\Python313\Lib\concurrent\futures\thread.py", line 59, in run
    result = self.fn(*self.args, **self.kwargs)
  File "D:\NewGroomNet-clean\venv\Lib\site-packages\asgiref\sync.py", line 522, in thread_handler
    return func(*args, **kwargs)
  File "D:\NewGroomNet-clean\venv\Lib\site-packages\django\views\decorators\csrf.py", line 65, in _view_wrapper
    return view_func(request, *args, **kwargs)
  File "D:\NewGroomNet-clean\venv\Lib\site-packages\django\views\generic\base.py", line 104, in view
    return self.dispatch(request, *args, **kwargs)
           ~~~~~~~~~~~~~^^^^^^^^^^^^^^^^^^^^^^^^^^
  File "D:\NewGroomNet-clean\venv\Lib\site-packages\rest_framework\views.py", line 515, in dispatch
    response = self.handle_exception(exc)
  File "D:\NewGroomNet-clean\venv\Lib\site-packages\rest_framework\views.py", line 475, in handle_exception
    self.raise_uncaught_exception(exc)
    ~~~~~~~~~~~~~~~~~~~~~~~~~~~~~^^^^^
  File "D:\NewGroomNet-clean\venv\Lib\site-packages\rest_framework\views.py", line 486, in raise_uncaught_exception
    raise exc
  File "D:\NewGroomNet-clean\venv\Lib\site-packages\rest_framework\views.py", line 512, in dispatch
    response = handler(request, *args, **kwargs)
  File "D:\NewGroomNet-clean\venv\Lib\site-packages\rest_framework\generics.py", line 203, in get
    return self.list(request, *args, **kwargs)
           ~~~~~~~~~^^^^^^^^^^^^^^^^^^^^^^^^^^
  File "D:\NewGroomNet-clean\venv\Lib\site-packages\rest_framework\mixins.py", line 38, in list
    queryset = self.filter_queryset(self.get_queryset())
                                    ~~~~~~~~~~~~~~~~~^^
  File "D:\NewGroomNet-clean\backend\customersite\views.py", line 191, in get_queryset
    conflict = any(slot_conflicts(slot, b_start, b_end) for b_start, b_end in booking_ranges)
  File "D:\NewGroomNet-clean\backend\customersite\views.py", line 191, in <genexpr>
    conflict = any(slot_conflicts(slot, b_start, b_end) for b_start, b_end in booking_ranges)
                   ~~~~~~~~~~~~~~^^^^^^^^^^^^^^^^^^^^^^
  File "D:\NewGroomNet-clean\backend\customersite\views.py", line 187, in slot_conflicts
    return slot_start_dt < booking_end and booking_start < slot_end_dt
           ^^^^^^^^^^^^^^^^^^^^^^^^^^^
TypeError: can't compare offset-naive and offset-aware datetimes
Internal Server Error: /customersite/available-slots/
Traceback (most recent call last):
  File "D:\NewGroomNet-clean\venv\Lib\site-packages\asgiref\sync.py", line 518, in thread_handler
    raise exc_info[1]
  File "D:\NewGroomNet-clean\venv\Lib\site-packages\django\core\handlers\exception.py", line 42, in inner
    response = await get_response(request)
               ^^^^^^^^^^^^^^^^^^^^^^^^^^^
  File "D:\NewGroomNet-clean\venv\Lib\site-packages\asgiref\sync.py", line 518, in thread_handler
    raise exc_info[1]
  File "D:\NewGroomNet-clean\venv\Lib\site-packages\django\core\handlers\base.py", line 253, in _get_response_async
    response = await wrapped_callback(
               ^^^^^^^^^^^^^^^^^^^^^^^
        request, *callback_args, **callback_kwargs
        ^^^^^^^^^^^^^^^^^^^^^^^^^^^^^^^^^^^^^^^^^^
    )
    ^
  File "D:\NewGroomNet-clean\venv\Lib\site-packages\asgiref\sync.py", line 468, in __call__
    ret = await asyncio.shield(exec_coro)
          ^^^^^^^^^^^^^^^^^^^^^^^^^^^^^^^
  File "C:\Program Files\Python313\Lib\concurrent\futures\thread.py", line 59, in run
    result = self.fn(*self.args, **self.kwargs)
  File "D:\NewGroomNet-clean\venv\Lib\site-packages\asgiref\sync.py", line 522, in thread_handler
    return func(*args, **kwargs)
  File "D:\NewGroomNet-clean\venv\Lib\site-packages\django\views\decorators\csrf.py", line 65, in _view_wrapper
    return view_func(request, *args, **kwargs)
  File "D:\NewGroomNet-clean\venv\Lib\site-packages\django\views\generic\base.py", line 104, in view
    return self.dispatch(request, *args, **kwargs)
           ~~~~~~~~~~~~~^^^^^^^^^^^^^^^^^^^^^^^^^^
  File "D:\NewGroomNet-clean\venv\Lib\site-packages\rest_framework\views.py", line 515, in dispatch
    response = self.handle_exception(exc)
  File "D:\NewGroomNet-clean\venv\Lib\site-packages\rest_framework\views.py", line 475, in handle_exception
    self.raise_uncaught_exception(exc)
    ~~~~~~~~~~~~~~~~~~~~~~~~~~~~~^^^^^
  File "D:\NewGroomNet-clean\venv\Lib\site-packages\rest_framework\views.py", line 486, in raise_uncaught_exception
    raise exc
  File "D:\NewGroomNet-clean\venv\Lib\site-packages\rest_framework\views.py", line 512, in dispatch
    response = handler(request, *args, **kwargs)
  File "D:\NewGroomNet-clean\venv\Lib\site-packages\rest_framework\generics.py", line 203, in get
    return self.list(request, *args, **kwargs)
           ~~~~~~~~~^^^^^^^^^^^^^^^^^^^^^^^^^^
  File "D:\NewGroomNet-clean\venv\Lib\site-packages\rest_framework\mixins.py", line 38, in list
    queryset = self.filter_queryset(self.get_queryset())
                                    ~~~~~~~~~~~~~~~~~^^
  File "D:\NewGroomNet-clean\backend\customersite\views.py", line 191, in get_queryset
    conflict = any(slot_conflicts(slot, b_start, b_end) for b_start, b_end in booking_ranges)
  File "D:\NewGroomNet-clean\backend\customersite\views.py", line 191, in <genexpr>
    conflict = any(slot_conflicts(slot, b_start, b_end) for b_start, b_end in booking_ranges)
                   ~~~~~~~~~~~~~~^^^^^^^^^^^^^^^^^^^^^^
  File "D:\NewGroomNet-clean\backend\customersite\views.py", line 187, in slot_conflicts
    return slot_start_dt < booking_end and booking_start < slot_end_dt
           ^^^^^^^^^^^^^^^^^^^^^^^^^^^
TypeError: can't compare offset-naive and offset-aware datetimes
Internal Server Error: /customersite/available-slots/
Traceback (most recent call last):
  File "D:\NewGroomNet-clean\venv\Lib\site-packages\asgiref\sync.py", line 518, in thread_handler
    raise exc_info[1]
  File "D:\NewGroomNet-clean\venv\Lib\site-packages\django\core\handlers\exception.py", line 42, in inner
    response = await get_response(request)
               ^^^^^^^^^^^^^^^^^^^^^^^^^^^
  File "D:\NewGroomNet-clean\venv\Lib\site-packages\asgiref\sync.py", line 518, in thread_handler
    raise exc_info[1]
  File "D:\NewGroomNet-clean\venv\Lib\site-packages\django\core\handlers\base.py", line 253, in _get_response_async
    response = await wrapped_callback(
               ^^^^^^^^^^^^^^^^^^^^^^^
        request, *callback_args, **callback_kwargs
        ^^^^^^^^^^^^^^^^^^^^^^^^^^^^^^^^^^^^^^^^^^
    )
    ^
  File "D:\NewGroomNet-clean\venv\Lib\site-packages\asgiref\sync.py", line 468, in __call__
    ret = await asyncio.shield(exec_coro)
          ^^^^^^^^^^^^^^^^^^^^^^^^^^^^^^^
  File "C:\Program Files\Python313\Lib\concurrent\futures\thread.py", line 59, in run
    result = self.fn(*self.args, **self.kwargs)
  File "D:\NewGroomNet-clean\venv\Lib\site-packages\asgiref\sync.py", line 522, in thread_handler
    return func(*args, **kwargs)
  File "D:\NewGroomNet-clean\venv\Lib\site-packages\django\views\decorators\csrf.py", line 65, in _view_wrapper
    return view_func(request, *args, **kwargs)
  File "D:\NewGroomNet-clean\venv\Lib\site-packages\django\views\generic\base.py", line 104, in view
    return self.dispatch(request, *args, **kwargs)
           ~~~~~~~~~~~~~^^^^^^^^^^^^^^^^^^^^^^^^^^
  File "D:\NewGroomNet-clean\venv\Lib\site-packages\rest_framework\views.py", line 515, in dispatch
    response = self.handle_exception(exc)
  File "D:\NewGroomNet-clean\venv\Lib\site-packages\rest_framework\views.py", line 475, in handle_exception
    self.raise_uncaught_exception(exc)
    ~~~~~~~~~~~~~~~~~~~~~~~~~~~~~^^^^^
  File "D:\NewGroomNet-clean\venv\Lib\site-packages\rest_framework\views.py", line 486, in raise_uncaught_exception
    raise exc
  File "D:\NewGroomNet-clean\venv\Lib\site-packages\rest_framework\views.py", line 512, in dispatch
    response = handler(request, *args, **kwargs)
  File "D:\NewGroomNet-clean\venv\Lib\site-packages\rest_framework\generics.py", line 203, in get
    return self.list(request, *args, **kwargs)
           ~~~~~~~~~^^^^^^^^^^^^^^^^^^^^^^^^^^
  File "D:\NewGroomNet-clean\venv\Lib\site-packages\rest_framework\mixins.py", line 38, in list
    queryset = self.filter_queryset(self.get_queryset())
                                    ~~~~~~~~~~~~~~~~~^^
  File "D:\NewGroomNet-clean\backend\customersite\views.py", line 192, in get_queryset
    if not any(slot_conflicts(slot, b_start, b_end) for b_start, b_end in booking_ranges):
           ~~~^^^^^^^^^^^^^^^^^^^^^^^^^^^^^^^^^^^^^^^^^^^^^^^^^^^^^^^^^^^^^^^^^^^^^^^^^^^
  File "D:\NewGroomNet-clean\backend\customersite\views.py", line 192, in <genexpr>
    if not any(slot_conflicts(slot, b_start, b_end) for b_start, b_end in booking_ranges):
               ~~~~~~~~~~~~~~^^^^^^^^^^^^^^^^^^^^^^
  File "D:\NewGroomNet-clean\backend\customersite\views.py", line 188, in slot_conflicts
    return slot_start < b_end and b_start < slot_end
           ^^^^^^^^^^^^^^^^^^
TypeError: can't compare offset-naive and offset-aware datetimes
Internal Server Error: /customersite/available-slots/
Traceback (most recent call last):
  File "D:\NewGroomNet-clean\venv\Lib\site-packages\asgiref\sync.py", line 518, in thread_handler
    raise exc_info[1]
  File "D:\NewGroomNet-clean\venv\Lib\site-packages\django\core\handlers\exception.py", line 42, in inner
    response = await get_response(request)
               ^^^^^^^^^^^^^^^^^^^^^^^^^^^
  File "D:\NewGroomNet-clean\venv\Lib\site-packages\asgiref\sync.py", line 518, in thread_handler
    raise exc_info[1]
  File "D:\NewGroomNet-clean\venv\Lib\site-packages\django\core\handlers\base.py", line 253, in _get_response_async
    response = await wrapped_callback(
               ^^^^^^^^^^^^^^^^^^^^^^^
        request, *callback_args, **callback_kwargs
        ^^^^^^^^^^^^^^^^^^^^^^^^^^^^^^^^^^^^^^^^^^
    )
    ^
  File "D:\NewGroomNet-clean\venv\Lib\site-packages\asgiref\sync.py", line 468, in __call__
    ret = await asyncio.shield(exec_coro)
          ^^^^^^^^^^^^^^^^^^^^^^^^^^^^^^^
  File "C:\Program Files\Python313\Lib\concurrent\futures\thread.py", line 59, in run
    result = self.fn(*self.args, **self.kwargs)
  File "D:\NewGroomNet-clean\venv\Lib\site-packages\asgiref\sync.py", line 522, in thread_handler
    return func(*args, **kwargs)
  File "D:\NewGroomNet-clean\venv\Lib\site-packages\django\views\decorators\csrf.py", line 65, in _view_wrapper
    return view_func(request, *args, **kwargs)
  File "D:\NewGroomNet-clean\venv\Lib\site-packages\django\views\generic\base.py", line 104, in view
    return self.dispatch(request, *args, **kwargs)
           ~~~~~~~~~~~~~^^^^^^^^^^^^^^^^^^^^^^^^^^
  File "D:\NewGroomNet-clean\venv\Lib\site-packages\rest_framework\views.py", line 515, in dispatch
    response = self.handle_exception(exc)
  File "D:\NewGroomNet-clean\venv\Lib\site-packages\rest_framework\views.py", line 475, in handle_exception
    self.raise_uncaught_exception(exc)
    ~~~~~~~~~~~~~~~~~~~~~~~~~~~~~^^^^^
  File "D:\NewGroomNet-clean\venv\Lib\site-packages\rest_framework\views.py", line 486, in raise_uncaught_exception
    raise exc
  File "D:\NewGroomNet-clean\venv\Lib\site-packages\rest_framework\views.py", line 512, in dispatch
    response = handler(request, *args, **kwargs)
  File "D:\NewGroomNet-clean\venv\Lib\site-packages\rest_framework\generics.py", line 203, in get
    return self.list(request, *args, **kwargs)
           ~~~~~~~~~^^^^^^^^^^^^^^^^^^^^^^^^^^
  File "D:\NewGroomNet-clean\venv\Lib\site-packages\rest_framework\mixins.py", line 38, in list
    queryset = self.filter_queryset(self.get_queryset())
                                    ~~~~~~~~~~~~~~~~~^^
  File "D:\NewGroomNet-clean\backend\customersite\views.py", line 192, in get_queryset
    if not any(slot_conflicts(slot, b_start, b_end) for b_start, b_end in booking_ranges):
           ~~~^^^^^^^^^^^^^^^^^^^^^^^^^^^^^^^^^^^^^^^^^^^^^^^^^^^^^^^^^^^^^^^^^^^^^^^^^^^
  File "D:\NewGroomNet-clean\backend\customersite\views.py", line 192, in <genexpr>
    if not any(slot_conflicts(slot, b_start, b_end) for b_start, b_end in booking_ranges):
               ~~~~~~~~~~~~~~^^^^^^^^^^^^^^^^^^^^^^
  File "D:\NewGroomNet-clean\backend\customersite\views.py", line 188, in slot_conflicts
    return slot_start < b_end and b_start < slot_end
           ^^^^^^^^^^^^^^^^^^
TypeError: can't compare offset-naive and offset-aware datetimes
Anand Raj joined group: barber_3
User disconnected from group: barber_3
Not Found: /profile-service/addresses/5/
Not Found: /profile-service/addresses/4/
Sent booking 22 to barber 3
Sent booking 22 to barber 3
ilakkiya joined group: customer_2
ilakkiya joined group: customer_2
Anand Raj joined group: barber_3
User disconnected from group: customer_2
Sent booking 22 to barber 3
ilakkiya joined group: customer_2
ilakkiya joined group: customer_2
User disconnected from group: barber_3
User disconnected from group: customer_2
User disconnected from group: customer_2
User disconnected from group: customer_2
Not Found: /profile-service/addresses/2/
Not Found: /profile-service/addresses/4/
Unauthorized: /profile-service/addresses/
Unauthorized: /profile-service/addresses/
Unauthorized: /auth/token/refresh/
Unauthorized: /profile-service/addresses/
Unauthorized: /profile-service/addresses/
Unauthorized: /auth/token/refresh/
Unauthorized: /profile-service/addresses/
Unauthorized: /auth/logout/
Unauthorized: /profile-service/addresses/
Unauthorized: /auth/token/refresh/
Anand Raj joined group: barber_3
User disconnected from group: barber_3
Anand Raj joined group: barber_3
Sent booking 23 to barber 3
Sent booking 23 to barber 3
ilakkiya joined group: customer_2
ilakkiya joined group: customer_2
User disconnected from group: barber_3
User disconnected from group: customer_2
User disconnected from group: customer_2
Bad Request: /instant-booking/complete/service/20/
Bad Request: /instant-booking/complete/service/23/
Anand Raj joined group: barber_3
User disconnected from group: barber_3
Anand Raj joined group: barber_3
Bad Request: /auth/logout/
User disconnected from group: barber_3
Anand Raj joined group: barber_3
User disconnected from group: barber_3
Anand Raj joined group: barber_3
User disconnected from group: barber_3
Unauthorized: /customersite/services/
Unauthorized: /customersite/services/
Unauthorized: /barbersite/completed-barber-appointments/
Unauthorized: /barbersite/completed-barber-appointments/
Bad Request: /auth/logout/
Bad Request: /auth/logout/
Unauthorized: /adminsite/all-requests/
Unauthorized: /adminsite/pending-requests/
Unauthorized: /adminsite/all-requests/
Unauthorized: /adminsite/pending-requests/
Unauthorized: /instant-booking/working/status/3/
Unauthorized: /instant-booking/working/status/3/
Unauthorized: /customersite/home/
Unauthorized: /customersite/home/
Internal Server Error: /payment-service/wallet/verify-payment/
Internal Server Error: /payment-service/wallet/verify-payment/
Bad Request: /auth/logout/
Internal Server Error: /payment-service/wallet/verify-payment/
Anand Raj joined group: barber_3
Sent booking 25 to barber 3
Sent booking 25 to barber 3
ilakkiya joined group: customer_2
ilakkiya joined group: customer_2
ilakkiya joined group: customer_2
ilakkiya joined group: customer_2
User disconnected from group: customer_2
User disconnected from group: customer_2
Anand Raj joined group: barber_3
Sent booking 26 to barber 3
Sent booking 26 to barber 3
ilakkiya joined group: customer_2
ilakkiya joined group: customer_2
User disconnected from group: customer_2
User disconnected from group: customer_2
User disconnected from group: barber_3
Authentication error: Signature has expired
WebSocket rejected: Invalid or expired token
Authentication error: Signature has expired
WebSocket rejected: Invalid or expired token
Unauthorized: /customersite/customer-wallet/transactions/
Unauthorized: /customersite/wallet/
Unauthorized: /customersite/customer-wallet/transactions/
Unauthorized: /customersite/wallet/
Anand Raj joined group: barber_3
User disconnected from group: barber_3
Anand Raj joined group: barber_3
User disconnected from group: barber_3
Anand Raj joined group: barber_3
User disconnected from group: barber_3
Sent booking 27 to barber 3
Sent booking 27 to barber 3
ilakkiya joined group: customer_2
ilakkiya joined group: customer_2
Sent booking 27 to barber 3
Sent booking 27 to barber 3
ilakkiya joined group: customer_2
ilakkiya joined group: customer_2
Anand Raj joined group: barber_3
User disconnected from group: customer_2
Sent booking 27 to barber 3
ilakkiya joined group: customer_2
ilakkiya joined group: customer_2
User disconnected from group: customer_2
User disconnected from group: customer_2
User disconnected from group: barber_3
Anand Raj joined group: barber_3
User disconnected from group: barber_3
User disconnected from group: customer_2
User disconnected from group: customer_2
User disconnected from group: customer_2
Anand Raj joined group: barber_3
Sent booking 28 to barber 3
Sent booking 28 to barber 3
ilakkiya joined group: customer_2
ilakkiya joined group: customer_2
User disconnected from group: barber_3
Anand Raj joined group: barber_3
Anand Raj joined group: barber_3
User disconnected from group: barber_3
Anand Raj joined group: barber_3
ilakkiya joined group: customer_2
ilakkiya joined group: customer_2
User disconnected from group: customer_2
User disconnected from group: customer_2
Anand Raj joined group: barber_3
Anand Raj joined group: barber_3
User disconnected from group: barber_3
Sent booking 29 to barber 3
Sent booking 29 to barber 3
ilakkiya joined group: customer_2
ilakkiya joined group: customer_2
User disconnected from group: customer_2
ilakkiya joined group: customer_2
User disconnected from group: barber_3
User disconnected from group: customer_2
User disconnected from group: customer_2
Sent booking 29 to barber 3
Anand Raj joined group: barber_3
Sent booking 29 to barber 3
ilakkiya joined group: customer_2
ilakkiya joined group: customer_2
User disconnected from group: barber_3
Anand Raj joined group: barber_3
User disconnected from group: customer_2
User disconnected from group: customer_2
User disconnected from group: barber_3
Anand Raj joined group: barber_3
Sent booking 29 to barber 3
Sent booking 29 to barber 3
ilakkiya joined group: customer_2
ilakkiya joined group: customer_2
Anand Raj joined group: barber_3
User disconnected from group: customer_2
ilakkiya joined group: customer_2
User disconnected from group: barber_3
Anand Raj joined group: barber_3
User disconnected from group: barber_3
Sent booking 29 to barber 3
ilakkiya joined group: customer_2
User disconnected from group: barber_3
Anand Raj joined group: barber_3
User disconnected from group: customer_2
Sent booking 29 to barber 3
ilakkiya joined group: customer_2
User disconnected from group: customer_2
User disconnected from group: barber_3
Sent booking 29 to barber 3
Anand Raj joined group: barber_3
ilakkiya joined group: customer_2
User disconnected from group: customer_2
User disconnected from group: customer_2
User disconnected from group: customer_2
Sent booking 29 to barber 3
Sent booking 29 to barber 3
ilakkiya joined group: customer_2
ilakkiya joined group: customer_2
User disconnected from group: barber_3
Anand Raj joined group: barber_3
User disconnected from group: barber_3
Anand Raj joined group: barber_3
User disconnected from group: customer_2
User disconnected from group: barber_3
Anand Raj joined group: barber_3
Sent booking 29 to barber 3
ilakkiya joined group: customer_2
ilakkiya joined group: customer_2
User disconnected from group: barber_3
User disconnected from group: customer_2
User disconnected from group: customer_2
User disconnected from group: customer_2
Authentication error: Signature has expired
WebSocket rejected: Invalid or expired token
Unauthorized: /adminsite/admin-wallet/
Unauthorized: /adminsite/admin-wallet/transactions/
Unauthorized: /adminsite/admin-wallet/
Unauthorized: /adminsite/admin-wallet/transactions/
Unauthorized: /instant-booking/booking/29/
Unauthorized: /instant-booking/booking/29/
Unauthorized: /auth/token/refresh/
Authentication error: Signature has expired
WebSocket rejected: Invalid or expired token
Unauthorized: /barbersite/barber/wallet/
Unauthorized: /barbersite/barber/wallet/
Authentication error: Signature has expired
WebSocket rejected: Invalid or expired token
Authentication error: Signature has expired
WebSocket rejected: Invalid or expired token
Authentication error: Signature has expired
WebSocket rejected: Invalid or expired token
Authentication error: Signature has expired
WebSocket rejected: Invalid or expired token
Authentication error: Signature has expired
WebSocket rejected: Invalid or expired token
Authentication error: Signature has expired
WebSocket rejected: Invalid or expired token
Anand Raj joined group: barber_3
Authentication error: Signature has expired
WebSocket rejected: Invalid or expired token
Authentication error: Signature has expired
WebSocket rejected: Invalid or expired token
User disconnected from group: barber_3
Anand Raj joined group: barber_3
User disconnected from group: barber_3
Anand Raj joined group: barber_3
User disconnected from group: barber_3
Anand Raj joined group: barber_3
Unauthorized: /instant-booking/booking/29/
Unauthorized: /auth/token/refresh/
Unauthorized: /instant-booking/booking/29/
Unauthorized: /auth/token/refresh/
Unauthorized: /instant-booking/booking/29/
Unauthorized: /auth/token/refresh/
Unauthorized: /instant-booking/booking/29/
Unauthorized: /auth/token/refresh/
Unauthorized: /instant-booking/booking/29/
Unauthorized: /auth/token/refresh/
Unauthorized: /instant-booking/booking/29/
Unauthorized: /auth/token/refresh/
Unauthorized: /instant-booking/booking/29/
Unauthorized: /auth/token/refresh/
Unauthorized: /instant-booking/booking/29/
Unauthorized: /auth/token/refresh/
Unauthorized: /instant-booking/booking/29/
Unauthorized: /auth/token/refresh/
Unauthorized: /instant-booking/booking/29/
Unauthorized: /auth/token/refresh/
Unauthorized: /instant-booking/booking/29/
Unauthorized: /auth/token/refresh/
Unauthorized: /instant-booking/booking/29/
Unauthorized: /auth/token/refresh/
Unauthorized: /instant-booking/booking/29/
Unauthorized: /auth/token/refresh/
Unauthorized: /instant-booking/booking/29/
Unauthorized: /auth/token/refresh/
Unauthorized: /auth/logout/
Unauthorized: /auth/token/refresh/
Bad Request: /auth/logout/
Bad Request: /auth/logout/
Bad Request: /auth/admin-login/
User disconnected from group: barber_3
Sent booking 30 to barber 3
Sent booking 30 to barber 3
ilakkiya joined group: customer_2
ilakkiya joined group: customer_2
User disconnected from group: customer_2
Sent booking 30 to barber 3
ilakkiya joined group: customer_2
ilakkiya joined group: customer_2
Anand Raj joined group: barber_3
User disconnected from group: barber_3
Anand Raj joined group: barber_3
User disconnected from group: barber_3
Anand Raj joined group: barber_3
User disconnected from group: barber_3
Anand Raj joined group: barber_3
User disconnected from group: barber_3
Anand Raj joined group: barber_3
User disconnected from group: customer_2
ilakkiya joined group: customer_2
User disconnected from group: barber_3
User disconnected from group: customer_2
User disconnected from group: customer_2
User disconnected from group: customer_2
Sent booking 30 to barber 3
Sent booking 30 to barber 3
ilakkiya joined group: customer_2
ilakkiya joined group: customer_2
Anand Raj joined group: barber_3
User disconnected from group: barber_3
Anand Raj joined group: barber_3
User disconnected from group: barber_3
Anand Raj joined group: barber_3
User disconnected from group: customer_2
User disconnected from group: customer_2
Sent booking 30 to barber 3
Sent booking 30 to barber 3
ilakkiya joined group: customer_2
ilakkiya joined group: customer_2
User disconnected from group: customer_2
ilakkiya joined group: customer_2
Sent booking 30 to barber 3
ilakkiya joined group: customer_2
User disconnected from group: barber_3
Anand Raj joined group: barber_3
User disconnected from group: customer_2
User disconnected from group: barber_3
Anand Raj joined group: barber_3
Sent booking 30 to barber 3
ilakkiya joined group: customer_2
User disconnected from group: customer_2
User disconnected from group: customer_2
User disconnected from group: customer_2
User disconnected from group: barber_3
Anand Raj joined group: barber_3
User disconnected from group: barber_3
Anand Raj joined group: barber_3
Sent booking 31 to barber 3
Sent booking 31 to barber 3
ilakkiya joined group: customer_2
ilakkiya joined group: customer_2
Bad Request: /instant-booking/complete/service/31/
Bad Request: /instant-booking/complete/service/31/
Bad Request: /instant-booking/complete/service/31/
ilakkiya joined group: customer_2
ilakkiya joined group: customer_2
Anand Raj joined group: barber_3
User disconnected from group: customer_2
User disconnected from group: customer_2
User disconnected from group: barber_3
Anand Raj joined group: barber_3
User disconnected from group: barber_3
Anand Raj joined group: barber_3
Bad Request: /auth/admin-login/
Sent booking 32 to barber 3
Sent booking 32 to barber 3
User disconnected from group: barber_3
ilakkiya joined group: customer_2
ilakkiya joined group: customer_2
Anand Raj joined group: barber_3
Bad Request: /instant-booking/complete/service/32/
ilakkiya joined group: customer_2
ilakkiya joined group: customer_2
Anand Raj joined group: barber_3
User disconnected from group: barber_3
User disconnected from group: customer_2
User disconnected from group: customer_2
Anand Raj joined group: barber_3
User disconnected from group: barber_3
Anand Raj joined group: barber_3
User disconnected from group: barber_3
Anand Raj joined group: barber_3
User disconnected from group: barber_3
Anand Raj joined group: barber_3
User disconnected from group: barber_3
Anand Raj joined group: barber_3
User disconnected from group: barber_3
Anand Raj joined group: barber_3
Anand Raj joined group: barber_3
User disconnected from group: barber_3
Sent booking 33 to barber 3
Sent booking 33 to barber 3
ilakkiya joined group: customer_2
ilakkiya joined group: customer_2
Anand Raj joined group: barber_3
User disconnected from group: customer_2
Sent booking 33 to barber 3
ilakkiya joined group: customer_2
User disconnected from group: barber_3
Anand Raj joined group: barber_3
ilakkiya joined group: customer_2
User disconnected from group: customer_2
User disconnected from group: customer_2
User disconnected from group: customer_2
Sent booking 34 to barber 3
Sent booking 34 to barber 3
ilakkiya joined group: customer_2
ilakkiya joined group: customer_2
Bad Request: /instant-booking/complete/service/34/
User disconnected from group: customer_2
User disconnected from group: customer_2
User disconnected from group: barber_3
Anand Raj joined group: barber_3
ilakkiya joined group: customer_2
ilakkiya joined group: customer_2
User disconnected from group: barber_3
Anand Raj joined group: barber_3
User disconnected from group: barber_3
Anand Raj joined group: barber_3
ilakkiya joined group: customer_2
ilakkiya joined group: customer_2
Anand Raj joined group: barber_3
User disconnected from group: barber_3
Anand Raj joined group: barber_3
User disconnected from group: barber_3
Anand Raj joined group: barber_3
User disconnected from group: customer_2
User disconnected from group: customer_2
Sent booking 36 to barber 3
Sent booking 36 to barber 3
ilakkiya joined group: customer_2
ilakkiya joined group: customer_2
User disconnected from group: barber_3
Anand Raj joined group: barber_3
User disconnected from group: customer_2
User disconnected from group: customer_2
User disconnected from group: barber_3
Anand Raj joined group: barber_3
Sent booking 37 to barber 3
Sent booking 37 to barber 3
ilakkiya joined group: customer_2
ilakkiya joined group: customer_2
Bad Request: /instant-booking/complete/service/37/
ilakkiya joined group: customer_2
ilakkiya joined group: customer_2
Anand Raj joined group: barber_3
User disconnected from group: customer_2
User disconnected from group: customer_2
User disconnected from group: barber_3
Anand Raj joined group: barber_3
User disconnected from group: barber_3
Anand Raj joined group: barber_3
User disconnected from group: barber_3
Sent booking 38 to barber 3
Sent booking 38 to barber 3
ilakkiya joined group: customer_2
ilakkiya joined group: customer_2
Anand Raj joined group: barber_3
User disconnected from group: customer_2
Sent booking 38 to barber 3
ilakkiya joined group: customer_2
User disconnected from group: barber_3
Anand Raj joined group: barber_3
ilakkiya joined group: customer_2
User disconnected from group: customer_2
User disconnected from group: customer_2
User disconnected from group: customer_2
Sent booking 39 to barber 3
Sent booking 39 to barber 3
ilakkiya joined group: customer_2
ilakkiya joined group: customer_2
User disconnected from group: barber_3
Barber 3 has active instant booking
Barber 3 has active instant booking
Barber 3 has active instant booking
Barber 3 has active instant booking
Barber 3 has active instant booking
Barber 3 has active instant booking
Barber 3 has active instant booking
Barber 3 has active instant booking
Barber 3 has active instant booking
Barber 3 has active instant booking
Barber 3 has active instant booking
Barber 3 has active instant booking
Barber 3 has active instant booking
Barber 3 has active instant booking
Barber 3 has active instant booking
Barber 3 has active instant booking
Barber 3 has active instant booking
Barber 3 has active instant booking
Barber 3 has active instant booking
Barber 3 has active instant booking
Barber 3 has active instant booking
Barber 3 has active instant booking
Barber 3 has active instant booking
Barber 3 has active instant booking
Barber 3 has active instant booking
Barber 3 has active instant booking
Barber 3 has active instant booking
Barber 3 has active instant booking
Barber 3 has active instant booking
Barber 3 has active instant booking
Barber 3 has active instant booking
Barber 3 has active instant booking
Barber 3 has active instant booking
Barber 3 has active instant booking
Barber 3 has active instant booking
Barber 3 has active instant booking
Barber 3 has active instant booking
Barber 3 has active instant booking
Barber 3 has active instant booking
Barber 3 has active instant booking
Barber 3 has active instant booking
Barber 3 has active instant booking
Barber 3 has active instant booking
Barber 3 has active instant booking
Barber 3 has active instant booking
Barber 3 has active instant booking
Barber 3 has active instant booking
Barber 3 has active instant booking
Barber 3 has active instant booking
Barber 3 has active instant booking
Barber 3 has active instant booking
Barber 3 has active instant booking
Barber 3 has active instant booking
Barber 3 has active instant booking
Barber 3 has active instant booking
Barber 3 has active instant booking
Barber 3 has active instant booking
Barber 3 has active instant booking
Barber 3 has active instant booking
Barber 3 has active instant booking
Barber 3 has active instant booking
Barber 3 has active instant booking
Barber 3 has active instant booking
Barber 3 has active instant booking
Barber 3 has active instant booking
Barber 3 has active instant booking
Barber 3 has active instant booking
Barber 3 has active instant booking
Barber 3 has active instant booking
Barber 3 has active instant booking
Barber 3 has active instant booking
Barber 3 has active instant booking
Barber 3 has active instant booking
Barber 3 has active instant booking
Barber 3 has active instant booking
Barber 3 has active instant booking
Barber 3 has active instant booking
Barber 3 has active instant booking
Barber 3 has active instant booking
Barber 3 has active instant booking
Barber 3 has active instant booking
Barber 3 has active instant booking
Barber 3 has active instant booking
Barber 3 has active instant booking
Barber 3 has active instant booking
Barber 3 has active instant booking
Barber 3 has active instant booking
Barber 3 has active instant booking
Barber 3 has active instant booking
Barber 3 has active instant booking
Barber 3 has active instant booking
Barber 3 has active instant booking
Barber 3 has active instant booking
Barber 3 has active instant booking
Barber 3 has active instant booking
Barber 3 has active instant booking
Barber 3 has active instant booking
Barber 3 has active instant booking
Barber 3 has active instant booking
Barber 3 has active instant booking
Barber 3 has active instant booking
Barber 3 has active instant booking
Barber 3 has active instant booking
Barber 3 has active instant booking
Barber 3 has active instant booking
Barber 3 has active instant booking
Barber 3 has active instant booking
Barber 3 has active instant booking
Barber 3 has active instant booking
Barber 3 has active instant booking
Barber 3 has active instant booking
Barber 3 has active instant booking
Barber 3 has active instant booking
Barber 3 has active instant booking
Barber 3 has active instant booking
Barber 3 has active instant booking
Barber 3 has active instant booking
Barber 3 has active instant booking
Barber 3 has active instant booking
Barber 3 has active instant booking
Barber 3 has active instant booking
Barber 3 has active instant booking
Barber 3 has active instant booking
Barber 3 has active instant booking
Barber 3 has active instant booking
Barber 3 has active instant booking
Barber 3 has active instant booking
Barber 3 has active instant booking
Barber 3 has active instant booking
Barber 3 has active instant booking
Barber 3 has active instant booking
Barber 3 has active instant booking
Barber 3 has active instant booking
Barber 3 has active instant booking
Barber 3 has active instant booking
Barber 3 has active instant booking
Barber 3 has active instant booking
Barber 3 has active instant booking
Barber 3 has active instant booking
Barber 3 has active instant booking
Barber 3 has active instant booking
Barber 3 has active instant booking
Barber 3 has active instant booking
Barber 3 has active instant booking
Barber 3 has active instant booking
Barber 3 has active instant booking
Barber 3 has active instant booking
Barber 3 has active instant booking
Barber 3 has active instant booking
Barber 3 has active instant booking
Barber 3 has active instant booking
Barber 3 has active instant booking
Barber 3 has active instant booking
Barber 3 has active instant booking
Barber 3 has active instant booking
Barber 3 has active instant booking
Barber 3 has active instant booking
Barber 3 has active instant booking
Barber 3 has active instant booking
Barber 3 has active instant booking
Barber 3 has active instant booking
Barber 3 has active instant booking
Barber 3 has active instant booking
Barber 3 has active instant booking
Barber 3 has active instant booking
Barber 3 has active instant booking
Barber 3 has active instant booking
Barber 3 has active instant booking
Barber 3 has active instant booking
Barber 3 has active instant booking
Barber 3 has active instant booking
Barber 3 has active instant booking
Barber 3 has active instant booking
Barber 3 has active instant booking
Barber 3 has active instant booking
Barber 3 has active instant booking
Barber 3 has active instant booking
Barber 3 has active instant booking
Barber 3 has active instant booking
Barber 3 has active instant booking
Barber 3 has active instant booking
Barber 3 has active instant booking
Barber 3 has active instant booking
Barber 3 has active instant booking
Barber 3 has active instant booking
Barber 3 has active instant booking
Barber 3 has active instant booking
Barber 3 has active instant booking
Barber 3 has active instant booking
Barber 3 has active instant booking
Barber 3 has active instant booking
Anand Raj joined group: barber_3
User disconnected from group: barber_3
Anand Raj joined group: barber_3
User disconnected from group: customer_2
User disconnected from group: barber_3
User disconnected from group: customer_2
Authentication error: Signature has expired
WebSocket rejected: Invalid or expired token
Authentication error: Signature has expired
WebSocket rejected: Invalid or expired token
Authentication error: Signature has expired
WebSocket rejected: Invalid or expired token
Authentication error: Signature has expired
WebSocket rejected: Invalid or expired token
Unauthorized: /barbersite/barber/wallet/
Unauthorized: /barbersite/barber/wallet/
Authentication error: Signature has expired
WebSocket rejected: Invalid or expired token
Authentication error: Signature has expired
WebSocket rejected: Invalid or expired token
Authentication error: Signature has expired
WebSocket rejected: Invalid or expired token
Authentication error: Signature has expired
WebSocket rejected: Invalid or expired token
Authentication error: Signature has expired
WebSocket rejected: Invalid or expired token
Authentication error: Signature has expired
WebSocket rejected: Invalid or expired token
Authentication error: Signature has expired
WebSocket rejected: Invalid or expired token
Authentication error: Signature has expired
WebSocket rejected: Invalid or expired token
Authentication error: Signature has expired
WebSocket rejected: Invalid or expired token
Authentication error: Signature has expired
WebSocket rejected: Invalid or expired token
Authentication error: Signature has expired
WebSocket rejected: Invalid or expired token
Authentication error: Signature has expired
WebSocket rejected: Invalid or expired token
Authentication error: Signature has expired
WebSocket rejected: Invalid or expired token
Authentication error: Signature has expired
WebSocket rejected: Invalid or expired token
Authentication error: Signature has expired
WebSocket rejected: Invalid or expired token
Authentication error: Signature has expired
WebSocket rejected: Invalid or expired token
Authentication error: Signature has expired
WebSocket rejected: Invalid or expired token
Authentication error: Signature has expired
WebSocket rejected: Invalid or expired token
Authentication error: Signature has expired
WebSocket rejected: Invalid or expired token
Authentication error: Signature has expired
WebSocket rejected: Invalid or expired token
Authentication error: Signature has expired
WebSocket rejected: Invalid or expired token
Authentication error: Signature has expired
WebSocket rejected: Invalid or expired token
Authentication error: Signature has expired
WebSocket rejected: Invalid or expired token
Authentication error: Signature has expired
WebSocket rejected: Invalid or expired token
Authentication error: Signature has expired
WebSocket rejected: Invalid or expired token
Authentication error: Signature has expired
WebSocket rejected: Invalid or expired token
Authentication error: Signature has expired
WebSocket rejected: Invalid or expired token
Authentication error: Signature has expired
WebSocket rejected: Invalid or expired token
Authentication error: Signature has expired
WebSocket rejected: Invalid or expired token
Authentication error: Signature has expired
WebSocket rejected: Invalid or expired token
Authentication error: Signature has expired
WebSocket rejected: Invalid or expired token
Authentication error: Signature has expired
WebSocket rejected: Invalid or expired token
Authentication error: Signature has expired
WebSocket rejected: Invalid or expired token
Authentication error: Signature has expired
WebSocket rejected: Invalid or expired token
Authentication error: Signature has expired
WebSocket rejected: Invalid or expired token
Authentication error: Signature has expired
WebSocket rejected: Invalid or expired token
Authentication error: Signature has expired
WebSocket rejected: Invalid or expired token
Authentication error: Signature has expired
WebSocket rejected: Invalid or expired token
Authentication error: Signature has expired
WebSocket rejected: Invalid or expired token
Authentication error: Signature has expired
WebSocket rejected: Invalid or expired token
Authentication error: Signature has expired
WebSocket rejected: Invalid or expired token
Authentication error: Signature has expired
WebSocket rejected: Invalid or expired token
Authentication error: Signature has expired
WebSocket rejected: Invalid or expired token
Authentication error: Signature has expired
WebSocket rejected: Invalid or expired token
Authentication error: Signature has expired
WebSocket rejected: Invalid or expired token
Authentication error: Signature has expired
WebSocket rejected: Invalid or expired token
Authentication error: Signature has expired
WebSocket rejected: Invalid or expired token
Authentication error: Signature has expired
WebSocket rejected: Invalid or expired token
Authentication error: Signature has expired
WebSocket rejected: Invalid or expired token
Authentication error: Signature has expired
WebSocket rejected: Invalid or expired token
Authentication error: Signature has expired
WebSocket rejected: Invalid or expired token
Authentication error: Signature has expired
WebSocket rejected: Invalid or expired token
Authentication error: Signature has expired
WebSocket rejected: Invalid or expired token
Authentication error: Signature has expired
WebSocket rejected: Invalid or expired token
Authentication error: Signature has expired
WebSocket rejected: Invalid or expired token
Authentication error: Signature has expired
WebSocket rejected: Invalid or expired token
Authentication error: Signature has expired
WebSocket rejected: Invalid or expired token
Authentication error: Signature has expired
WebSocket rejected: Invalid or expired token
Authentication error: Signature has expired
WebSocket rejected: Invalid or expired token
Authentication error: Signature has expired
WebSocket rejected: Invalid or expired token
Authentication error: Signature has expired
WebSocket rejected: Invalid or expired token
Authentication error: Signature has expired
WebSocket rejected: Invalid or expired token
Authentication error: Signature has expired
WebSocket rejected: Invalid or expired token
Authentication error: Signature has expired
WebSocket rejected: Invalid or expired token
Authentication error: Signature has expired
WebSocket rejected: Invalid or expired token
Authentication error: Signature has expired
WebSocket rejected: Invalid or expired token
Authentication error: Signature has expired
WebSocket rejected: Invalid or expired token
Authentication error: Signature has expired
WebSocket rejected: Invalid or expired token
Authentication error: Signature has expired
WebSocket rejected: Invalid or expired token
Authentication error: Signature has expired
WebSocket rejected: Invalid or expired token
Authentication error: Signature has expired
WebSocket rejected: Invalid or expired token
Authentication error: Signature has expired
WebSocket rejected: Invalid or expired token
Authentication error: Signature has expired
WebSocket rejected: Invalid or expired token
Authentication error: Signature has expired
WebSocket rejected: Invalid or expired token
Authentication error: Signature has expired
WebSocket rejected: Invalid or expired token
Authentication error: Signature has expired
WebSocket rejected: Invalid or expired token
Authentication error: Signature has expired
WebSocket rejected: Invalid or expired token
Authentication error: Signature has expired
WebSocket rejected: Invalid or expired token
Authentication error: Signature has expired
WebSocket rejected: Invalid or expired token
Authentication error: Signature has expired
WebSocket rejected: Invalid or expired token
Authentication error: Signature has expired
WebSocket rejected: Invalid or expired token
Authentication error: Signature has expired
WebSocket rejected: Invalid or expired token
Authentication error: Signature has expired
WebSocket rejected: Invalid or expired token
Authentication error: Signature has expired
WebSocket rejected: Invalid or expired token
Authentication error: Signature has expired
WebSocket rejected: Invalid or expired token
Authentication error: Signature has expired
WebSocket rejected: Invalid or expired token
Authentication error: Signature has expired
WebSocket rejected: Invalid or expired token
Authentication error: Signature has expired
WebSocket rejected: Invalid or expired token
Authentication error: Signature has expired
WebSocket rejected: Invalid or expired token
Authentication error: Signature has expired
WebSocket rejected: Invalid or expired token
Authentication error: Signature has expired
WebSocket rejected: Invalid or expired token
Authentication error: Signature has expired
WebSocket rejected: Invalid or expired token
Authentication error: Signature has expired
WebSocket rejected: Invalid or expired token
Authentication error: Signature has expired
WebSocket rejected: Invalid or expired token
Authentication error: Signature has expired
WebSocket rejected: Invalid or expired token
Authentication error: Signature has expired
WebSocket rejected: Invalid or expired token
Authentication error: Signature has expired
WebSocket rejected: Invalid or expired token
Authentication error: Signature has expired
WebSocket rejected: Invalid or expired token
Authentication error: Signature has expired
WebSocket rejected: Invalid or expired token
Authentication error: Signature has expired
WebSocket rejected: Invalid or expired token
Authentication error: Signature has expired
WebSocket rejected: Invalid or expired token
Authentication error: Signature has expired
WebSocket rejected: Invalid or expired token
Authentication error: Signature has expired
WebSocket rejected: Invalid or expired token
Authentication error: Signature has expired
WebSocket rejected: Invalid or expired token
Authentication error: Signature has expired
WebSocket rejected: Invalid or expired token
Authentication error: Signature has expired
WebSocket rejected: Invalid or expired token
Authentication error: Signature has expired
WebSocket rejected: Invalid or expired token
Authentication error: Signature has expired
WebSocket rejected: Invalid or expired token
Authentication error: Signature has expired
WebSocket rejected: Invalid or expired token
Authentication error: Signature has expired
WebSocket rejected: Invalid or expired token
Authentication error: Signature has expired
WebSocket rejected: Invalid or expired token
Authentication error: Signature has expired
WebSocket rejected: Invalid or expired token
Authentication error: Signature has expired
WebSocket rejected: Invalid or expired token
Authentication error: Signature has expired
WebSocket rejected: Invalid or expired token
Authentication error: Signature has expired
WebSocket rejected: Invalid or expired token
Authentication error: Signature has expired
WebSocket rejected: Invalid or expired token
Authentication error: Signature has expired
WebSocket rejected: Invalid or expired token
Authentication error: Signature has expired
WebSocket rejected: Invalid or expired token
Authentication error: Signature has expired
WebSocket rejected: Invalid or expired token
Authentication error: Signature has expired
WebSocket rejected: Invalid or expired token
Authentication error: Signature has expired
WebSocket rejected: Invalid or expired token
Authentication error: Signature has expired
WebSocket rejected: Invalid or expired token
Authentication error: Signature has expired
WebSocket rejected: Invalid or expired token
Authentication error: Signature has expired
WebSocket rejected: Invalid or expired token
Authentication error: Signature has expired
WebSocket rejected: Invalid or expired token
Authentication error: Signature has expired
WebSocket rejected: Invalid or expired token
Authentication error: Signature has expired
WebSocket rejected: Invalid or expired token
Authentication error: Signature has expired
WebSocket rejected: Invalid or expired token
Authentication error: Signature has expired
WebSocket rejected: Invalid or expired token
Authentication error: Signature has expired
WebSocket rejected: Invalid or expired token
Authentication error: Signature has expired
WebSocket rejected: Invalid or expired token
Authentication error: Signature has expired
WebSocket rejected: Invalid or expired token
Authentication error: Signature has expired
WebSocket rejected: Invalid or expired token
Authentication error: Signature has expired
WebSocket rejected: Invalid or expired token
Authentication error: Signature has expired
WebSocket rejected: Invalid or expired token
Authentication error: Signature has expired
WebSocket rejected: Invalid or expired token
Authentication error: Signature has expired
WebSocket rejected: Invalid or expired token
Authentication error: Signature has expired
WebSocket rejected: Invalid or expired token
Authentication error: Signature has expired
WebSocket rejected: Invalid or expired token
Authentication error: Signature has expired
WebSocket rejected: Invalid or expired token
Authentication error: Signature has expired
WebSocket rejected: Invalid or expired token
Authentication error: Signature has expired
WebSocket rejected: Invalid or expired token
Authentication error: Signature has expired
WebSocket rejected: Invalid or expired token
Authentication error: Signature has expired
WebSocket rejected: Invalid or expired token
Authentication error: Signature has expired
WebSocket rejected: Invalid or expired token
Authentication error: Signature has expired
WebSocket rejected: Invalid or expired token
Authentication error: Signature has expired
WebSocket rejected: Invalid or expired token
Authentication error: Signature has expired
WebSocket rejected: Invalid or expired token
Authentication error: Signature has expired
WebSocket rejected: Invalid or expired token
Authentication error: Signature has expired
WebSocket rejected: Invalid or expired token
Authentication error: Signature has expired
WebSocket rejected: Invalid or expired token
Authentication error: Signature has expired
WebSocket rejected: Invalid or expired token
Authentication error: Signature has expired
WebSocket rejected: Invalid or expired token
Authentication error: Signature has expired
WebSocket rejected: Invalid or expired token
Authentication error: Signature has expired
WebSocket rejected: Invalid or expired token
Authentication error: Signature has expired
WebSocket rejected: Invalid or expired token
Authentication error: Signature has expired
WebSocket rejected: Invalid or expired token
Authentication error: Signature has expired
WebSocket rejected: Invalid or expired token
Authentication error: Signature has expired
WebSocket rejected: Invalid or expired token
Authentication error: Signature has expired
WebSocket rejected: Invalid or expired token
Authentication error: Signature has expired
WebSocket rejected: Invalid or expired token
Authentication error: Signature has expired
WebSocket rejected: Invalid or expired token
Authentication error: Signature has expired
WebSocket rejected: Invalid or expired token
Authentication error: Signature has expired
WebSocket rejected: Invalid or expired token
Authentication error: Signature has expired
WebSocket rejected: Invalid or expired token
Authentication error: Signature has expired
WebSocket rejected: Invalid or expired token
Authentication error: Signature has expired
WebSocket rejected: Invalid or expired token
Authentication error: Signature has expired
WebSocket rejected: Invalid or expired token
Unauthorized: /adminsite/admin-wallet/
Unauthorized: /adminsite/admin-wallet/transactions/
Unauthorized: /adminsite/admin-wallet/
Unauthorized: /adminsite/admin-wallet/transactions/
Unauthorized: /customersite/booking-details/39/
Unauthorized: /customersite/booking-details/39/
Authentication error: Signature has expired
WebSocket rejected: Invalid or expired token
Authentication error: Signature has expired
WebSocket rejected: Invalid or expired token
Authentication error: Signature has expired
WebSocket rejected: Invalid or expired token
Anand Raj joined group: barber_3
Bad Request: /auth/logout/
Unauthorized: /customersite/booking/39/get-travel-status/
Unauthorized: /customersite/complaints/
Unauthorized: /customersite/ratings/
User disconnected from group: barber_3
Anand Raj joined group: barber_3
Bad Request: /auth/logout/
Bad Request: /auth/logout/
Sent booking 40 to barber 3
Sent booking 40 to barber 3
User disconnected from group: barber_3
ilakkiya joined group: customer_2
ilakkiya joined group: customer_2
Anand Raj joined group: barber_3
User disconnected from group: customer_2
User disconnected from group: customer_2
User disconnected from group: barber_3
Anand Raj joined group: barber_3
User disconnected from group: barber_3
Anand Raj joined group: barber_3
Sent booking 41 to barber 3
Sent booking 41 to barber 3
ilakkiya joined group: customer_2
ilakkiya joined group: customer_2
User disconnected from group: customer_2
User disconnected from group: barber_3
ilakkiya joined group: customer_2
Anand Raj joined group: barber_3
Sent booking 41 to barber 3
ilakkiya joined group: customer_2
User disconnected from group: barber_3
Anand Raj joined group: barber_3
User disconnected from group: customer_2
User disconnected from group: barber_3
Anand Raj joined group: barber_3
Sent booking 41 to barber 3
ilakkiya joined group: customer_2
User disconnected from group: barber_3
Anand Raj joined group: barber_3
